This is pdfTeX, Version 3.14159265-2.6-1.40.21 (TeX Live 2020) (preloaded format=pdflatex 2020.9.15)  22 SEP 2020 14:20
entering extended mode
 restricted \write18 enabled.
 %&-line parsing enabled.
**sheet_lab.tex
(./sheet_lab.tex
LaTeX2e <2020-02-02> patch level 5
L3 programming layer <2020-09-06> (/home/qs26/.TinyTeX/texmf-dist/tex/latex/bas
e/article.cls
Document Class: article 2019/12/20 v1.4l Standard LaTeX document class
(/home/qs26/.TinyTeX/texmf-dist/tex/latex/base/size12.clo
File: size12.clo 2019/12/20 v1.4l Standard LaTeX file (size option)
)
\c@part=\count168
\c@section=\count169
\c@subsection=\count170
\c@subsubsection=\count171
\c@paragraph=\count172
\c@subparagraph=\count173
\c@figure=\count174
\c@table=\count175
\abovecaptionskip=\skip47
\belowcaptionskip=\skip48
\bibindent=\dimen134
) (/home/qs26/.TinyTeX/texmf-dist/tex/latex/lm/lmodern.sty
Package: lmodern 2009/10/30 v1.6 Latin Modern Fonts
LaTeX Font Info:    Overwriting symbol font `operators' in version `normal'
(Font)                  OT1/cmr/m/n --> OT1/lmr/m/n on input line 22.
LaTeX Font Info:    Overwriting symbol font `letters' in version `normal'
(Font)                  OML/cmm/m/it --> OML/lmm/m/it on input line 23.
LaTeX Font Info:    Overwriting symbol font `symbols' in version `normal'
(Font)                  OMS/cmsy/m/n --> OMS/lmsy/m/n on input line 24.
LaTeX Font Info:    Overwriting symbol font `largesymbols' in version `normal'
(Font)                  OMX/cmex/m/n --> OMX/lmex/m/n on input line 25.
LaTeX Font Info:    Overwriting symbol font `operators' in version `bold'
(Font)                  OT1/cmr/bx/n --> OT1/lmr/bx/n on input line 26.
LaTeX Font Info:    Overwriting symbol font `letters' in version `bold'
(Font)                  OML/cmm/b/it --> OML/lmm/b/it on input line 27.
LaTeX Font Info:    Overwriting symbol font `symbols' in version `bold'
(Font)                  OMS/cmsy/b/n --> OMS/lmsy/b/n on input line 28.
LaTeX Font Info:    Overwriting symbol font `largesymbols' in version `bold'
(Font)                  OMX/cmex/m/n --> OMX/lmex/m/n on input line 29.
LaTeX Font Info:    Overwriting math alphabet `\mathbf' in version `normal'
(Font)                  OT1/cmr/bx/n --> OT1/lmr/bx/n on input line 31.
LaTeX Font Info:    Overwriting math alphabet `\mathsf' in version `normal'
(Font)                  OT1/cmss/m/n --> OT1/lmss/m/n on input line 32.
LaTeX Font Info:    Overwriting math alphabet `\mathit' in version `normal'
(Font)                  OT1/cmr/m/it --> OT1/lmr/m/it on input line 33.
LaTeX Font Info:    Overwriting math alphabet `\mathtt' in version `normal'
(Font)                  OT1/cmtt/m/n --> OT1/lmtt/m/n on input line 34.
LaTeX Font Info:    Overwriting math alphabet `\mathbf' in version `bold'
(Font)                  OT1/cmr/bx/n --> OT1/lmr/bx/n on input line 35.
LaTeX Font Info:    Overwriting math alphabet `\mathsf' in version `bold'
(Font)                  OT1/cmss/bx/n --> OT1/lmss/bx/n on input line 36.
LaTeX Font Info:    Overwriting math alphabet `\mathit' in version `bold'
(Font)                  OT1/cmr/bx/it --> OT1/lmr/bx/it on input line 37.
LaTeX Font Info:    Overwriting math alphabet `\mathtt' in version `bold'
(Font)                  OT1/cmtt/m/n --> OT1/lmtt/m/n on input line 38.
) (/home/qs26/.TinyTeX/texmf-dist/tex/latex/amsfonts/amssymb.sty
Package: amssymb 2013/01/14 v3.01 AMS font symbols
(/home/qs26/.TinyTeX/texmf-dist/tex/latex/amsfonts/amsfonts.sty
Package: amsfonts 2013/01/14 v3.01 Basic AMSFonts support
\@emptytoks=\toks15
\symAMSa=\mathgroup4
\symAMSb=\mathgroup5
LaTeX Font Info:    Redeclaring math symbol \hbar on input line 98.
LaTeX Font Info:    Overwriting math alphabet `\mathfrak' in version `bold'
(Font)                  U/euf/m/n --> U/euf/b/n on input line 106.
)) (/home/qs26/.TinyTeX/texmf-dist/tex/latex/amsmath/amsmath.sty
Package: amsmath 2020/01/20 v2.17e AMS math features
\@mathmargin=\skip49
For additional information on amsmath, use the `?' option.
(/home/qs26/.TinyTeX/texmf-dist/tex/latex/amsmath/amstext.sty
Package: amstext 2000/06/29 v2.01 AMS text
(/home/qs26/.TinyTeX/texmf-dist/tex/latex/amsmath/amsgen.sty
File: amsgen.sty 1999/11/30 v2.0 generic functions
\@emptytoks=\toks16
\ex@=\dimen135
)) (/home/qs26/.TinyTeX/texmf-dist/tex/latex/amsmath/amsbsy.sty
Package: amsbsy 1999/11/29 v1.2d Bold Symbols
\pmbraise@=\dimen136
) (/home/qs26/.TinyTeX/texmf-dist/tex/latex/amsmath/amsopn.sty
Package: amsopn 2016/03/08 v2.02 operator names
)
\inf@bad=\count176
LaTeX Info: Redefining \frac on input line 227.
\uproot@=\count177
\leftroot@=\count178
LaTeX Info: Redefining \overline on input line 389.
\classnum@=\count179
\DOTSCASE@=\count180
LaTeX Info: Redefining \ldots on input line 486.
LaTeX Info: Redefining \dots on input line 489.
LaTeX Info: Redefining \cdots on input line 610.
\Mathstrutbox@=\box45
\strutbox@=\box46
\big@size=\dimen137
LaTeX Font Info:    Redeclaring font encoding OML on input line 733.
LaTeX Font Info:    Redeclaring font encoding OMS on input line 734.
\macc@depth=\count181
\c@MaxMatrixCols=\count182
\dotsspace@=\muskip16
\c@parentequation=\count183
\dspbrk@lvl=\count184
\tag@help=\toks17
\row@=\count185
\column@=\count186
\maxfields@=\count187
\andhelp@=\toks18
\eqnshift@=\dimen138
\alignsep@=\dimen139
\tagshift@=\dimen140
\tagwidth@=\dimen141
\totwidth@=\dimen142
\lineht@=\dimen143
\@envbody=\toks19
\multlinegap=\skip50
\multlinetaggap=\skip51
\mathdisplay@stack=\toks20
LaTeX Info: Redefining \[ on input line 2859.
LaTeX Info: Redefining \] on input line 2860.
) (/home/qs26/.TinyTeX/texmf-dist/tex/generic/iftex/ifxetex.sty
Package: ifxetex 2019/10/25 v0.7 ifxetex legacy package. Use iftex instead.
(/home/qs26/.TinyTeX/texmf-dist/tex/generic/iftex/iftex.sty
Package: iftex 2020/03/06 v1.0d TeX engine tests
)) (/home/qs26/.TinyTeX/texmf-dist/tex/generic/iftex/ifluatex.sty
Package: ifluatex 2019/10/25 v1.5 ifluatex legacy package. Use iftex instead.
) (/home/qs26/.TinyTeX/texmf-dist/tex/latex/base/fontenc.sty
Package: fontenc 2020/02/11 v2.0o Standard LaTeX package
LaTeX Font Info:    Trying to load font information for T1+lmr on input line 11
2.
(/home/qs26/.TinyTeX/texmf-dist/tex/latex/lm/t1lmr.fd
File: t1lmr.fd 2009/10/30 v1.6 Font defs for Latin Modern
)) (/home/qs26/.TinyTeX/texmf-dist/tex/latex/base/inputenc.sty
Package: inputenc 2018/08/11 v1.3c Input encoding file
\inpenc@prehook=\toks21
\inpenc@posthook=\toks22
) (/home/qs26/.TinyTeX/texmf-dist/tex/latex/base/textcomp.sty
Package: textcomp 2020/02/02 v2.0n Standard LaTeX package
) (/home/qs26/.TinyTeX/texmf-dist/tex/latex/xcolor/xcolor.sty
Package: xcolor 2016/05/11 v2.12 LaTeX color extensions (UK)
(/home/qs26/.TinyTeX/texmf-dist/tex/latex/graphics-cfg/color.cfg
File: color.cfg 2016/01/02 v1.6 sample color configuration
)
Package xcolor Info: Driver file: pdftex.def on input line 225.
(/home/qs26/.TinyTeX/texmf-dist/tex/latex/graphics-def/pdftex.def
File: pdftex.def 2020/08/26 v1.2 Graphics/color driver for pdftex
)
Package xcolor Info: Model `cmy' substituted by `cmy0' on input line 1348.
Package xcolor Info: Model `hsb' substituted by `rgb' on input line 1352.
Package xcolor Info: Model `RGB' extended on input line 1364.
Package xcolor Info: Model `HTML' substituted by `rgb' on input line 1366.
Package xcolor Info: Model `Hsb' substituted by `hsb' on input line 1367.
Package xcolor Info: Model `tHsb' substituted by `hsb' on input line 1368.
Package xcolor Info: Model `HSB' substituted by `hsb' on input line 1369.
Package xcolor Info: Model `Gray' substituted by `gray' on input line 1370.
Package xcolor Info: Model `wave' substituted by `hsb' on input line 1371.
) (/home/qs26/.TinyTeX/texmf-dist/tex/latex/hyperref/hyperref.sty
Package: hyperref 2020-05-15 v7.00e Hypertext links for LaTeX
(/home/qs26/.TinyTeX/texmf-dist/tex/generic/ltxcmds/ltxcmds.sty
Package: ltxcmds 2019/12/15 v1.24 LaTeX kernel commands for general use (HO)
) (/home/qs26/.TinyTeX/texmf-dist/tex/generic/pdftexcmds/pdftexcmds.sty
Package: pdftexcmds 2020-06-27 v0.33 Utility functions of pdfTeX for LuaTeX (HO
)
(/home/qs26/.TinyTeX/texmf-dist/tex/generic/infwarerr/infwarerr.sty
Package: infwarerr 2019/12/03 v1.5 Providing info/warning/error messages (HO)
)
Package pdftexcmds Info: \pdf@primitive is available.
Package pdftexcmds Info: \pdf@ifprimitive is available.
Package pdftexcmds Info: \pdfdraftmode found.
) (/home/qs26/.TinyTeX/texmf-dist/tex/latex/graphics/keyval.sty
Package: keyval 2014/10/28 v1.15 key=value parser (DPC)
\KV@toks@=\toks23
) (/home/qs26/.TinyTeX/texmf-dist/tex/generic/kvsetkeys/kvsetkeys.sty
Package: kvsetkeys 2019/12/15 v1.18 Key value parser (HO)
) (/home/qs26/.TinyTeX/texmf-dist/tex/generic/kvdefinekeys/kvdefinekeys.sty
Package: kvdefinekeys 2019-12-19 v1.6 Define keys (HO)
) (/home/qs26/.TinyTeX/texmf-dist/tex/generic/pdfescape/pdfescape.sty
Package: pdfescape 2019/12/09 v1.15 Implements pdfTeX's escape features (HO)
) (/home/qs26/.TinyTeX/texmf-dist/tex/latex/hycolor/hycolor.sty
Package: hycolor 2020-01-27 v1.10 Color options for hyperref/bookmark (HO)
) (/home/qs26/.TinyTeX/texmf-dist/tex/latex/letltxmacro/letltxmacro.sty
Package: letltxmacro 2019/12/03 v1.6 Let assignment for LaTeX macros (HO)
) (/home/qs26/.TinyTeX/texmf-dist/tex/latex/auxhook/auxhook.sty
Package: auxhook 2019-12-17 v1.6 Hooks for auxiliary files (HO)
) (/home/qs26/.TinyTeX/texmf-dist/tex/latex/kvoptions/kvoptions.sty
Package: kvoptions 2019/11/29 v3.13 Key value format for package options (HO)
)
\@linkdim=\dimen144
\Hy@linkcounter=\count188
\Hy@pagecounter=\count189
(/home/qs26/.TinyTeX/texmf-dist/tex/latex/hyperref/pd1enc.def
File: pd1enc.def 2020-05-15 v7.00e Hyperref: PDFDocEncoding definition (HO)
Now handling font encoding PD1 ...
... no UTF-8 mapping file for font encoding PD1
) (/home/qs26/.TinyTeX/texmf-dist/tex/generic/intcalc/intcalc.sty
Package: intcalc 2019/12/15 v1.3 Expandable calculations with integers (HO)
) (/home/qs26/.TinyTeX/texmf-dist/tex/generic/etexcmds/etexcmds.sty
Package: etexcmds 2019/12/15 v1.7 Avoid name clashes with e-TeX commands (HO)
)
\Hy@SavedSpaceFactor=\count190
Package hyperref Info: Option `unicode' set `true' on input line 4338.
(/home/qs26/.TinyTeX/texmf-dist/tex/latex/hyperref/puenc.def
File: puenc.def 2020-05-15 v7.00e Hyperref: PDF Unicode definition (HO)
Now handling font encoding PU ...
... no UTF-8 mapping file for font encoding PU
)
Package hyperref Info: Hyper figures OFF on input line 4464.
Package hyperref Info: Link nesting OFF on input line 4469.
Package hyperref Info: Hyper index ON on input line 4472.
Package hyperref Info: Plain pages OFF on input line 4479.
Package hyperref Info: Backreferencing OFF on input line 4484.
Package hyperref Info: Implicit mode ON; LaTeX internals redefined.
Package hyperref Info: Bookmarks ON on input line 4717.
\c@Hy@tempcnt=\count191
(/home/qs26/.TinyTeX/texmf-dist/tex/latex/url/url.sty
\Urlmuskip=\muskip17
Package: url 2013/09/16  ver 3.4  Verb mode for urls, etc.
)
LaTeX Info: Redefining \url on input line 5076.
\XeTeXLinkMargin=\dimen145
(/home/qs26/.TinyTeX/texmf-dist/tex/generic/bitset/bitset.sty
Package: bitset 2019/12/09 v1.3 Handle bit-vector datatype (HO)
(/home/qs26/.TinyTeX/texmf-dist/tex/generic/bigintcalc/bigintcalc.sty
Package: bigintcalc 2019/12/15 v1.5 Expandable calculations on big integers (HO
)
))
\Fld@menulength=\count192
\Field@Width=\dimen146
\Fld@charsize=\dimen147
Package hyperref Info: Hyper figures OFF on input line 6347.
Package hyperref Info: Link nesting OFF on input line 6352.
Package hyperref Info: Hyper index ON on input line 6355.
Package hyperref Info: backreferencing OFF on input line 6362.
Package hyperref Info: Link coloring OFF on input line 6367.
Package hyperref Info: Link coloring with OCG OFF on input line 6372.
Package hyperref Info: PDF/A mode OFF on input line 6377.
LaTeX Info: Redefining \ref on input line 6417.
LaTeX Info: Redefining \pageref on input line 6421.
(/home/qs26/.TinyTeX/texmf-dist/tex/generic/atbegshi/atbegshi.sty
Package: atbegshi 2019/12/05 v1.19 At begin shipout hook (HO)
)
\Hy@abspage=\count193
\c@Item=\count194
\c@Hfootnote=\count195
)
Package hyperref Info: Driver (autodetected): hpdftex.
(/home/qs26/.TinyTeX/texmf-dist/tex/latex/hyperref/hpdftex.def
File: hpdftex.def 2020-05-15 v7.00e Hyperref driver for pdfTeX
(/home/qs26/.TinyTeX/texmf-dist/tex/latex/atveryend/atveryend.sty
Package: atveryend 2019-12-11 v1.11 Hooks at the very end of document (HO)
Package atveryend Info: \enddocument detected (standard20110627).
)
\Fld@listcount=\count196
\c@bookmark@seq@number=\count197
(/home/qs26/.TinyTeX/texmf-dist/tex/latex/rerunfilecheck/rerunfilecheck.sty
Package: rerunfilecheck 2019/12/05 v1.9 Rerun checks for auxiliary files (HO)
(/home/qs26/.TinyTeX/texmf-dist/tex/generic/uniquecounter/uniquecounter.sty
Package: uniquecounter 2019/12/15 v1.4 Provide unlimited unique counter (HO)
)
Package uniquecounter Info: New unique counter `rerunfilecheck' on input line 2
86.
)
\Hy@SectionHShift=\skip52
) (/home/qs26/.TinyTeX/texmf-dist/tex/latex/geometry/geometry.sty
Package: geometry 2020/01/02 v5.9 Page Geometry
(/home/qs26/.TinyTeX/texmf-dist/tex/generic/iftex/ifvtex.sty
Package: ifvtex 2019/10/25 v1.7 ifvtex legacy package. Use iftex instead.
)
\Gm@cnth=\count198
\Gm@cntv=\count199
\c@Gm@tempcnt=\count266
\Gm@bindingoffset=\dimen148
\Gm@wd@mp=\dimen149
\Gm@odd@mp=\dimen150
\Gm@even@mp=\dimen151
\Gm@layoutwidth=\dimen152
\Gm@layoutheight=\dimen153
\Gm@layouthoffset=\dimen154
\Gm@layoutvoffset=\dimen155
\Gm@dimlist=\toks24
) (/home/qs26/.TinyTeX/texmf-dist/tex/latex/fancyvrb/fancyvrb.sty
Package: fancyvrb 2020/05/03 v3.6 verbatim text (tvz,hv)
\FV@CodeLineNo=\count267
\FV@InFile=\read2
\FV@TabBox=\box47
\c@FancyVerbLine=\count268
\FV@StepNumber=\count269
\FV@OutFile=\write3
) (/home/qs26/.TinyTeX/texmf-dist/tex/latex/framed/framed.sty
Package: framed 2011/10/22 v 0.96: framed or shaded text with page breaks
\OuterFrameSep=\skip53
\fb@frw=\dimen156
\fb@frh=\dimen157
\FrameRule=\dimen158
\FrameSep=\dimen159
) (/home/qs26/.TinyTeX/texmf-dist/tex/latex/graphics/graphicx.sty
Package: graphicx 2019/11/30 v1.2a Enhanced LaTeX Graphics (DPC,SPQR)
(/home/qs26/.TinyTeX/texmf-dist/tex/latex/graphics/graphics.sty
Package: graphics 2019/11/30 v1.4a Standard LaTeX Graphics (DPC,SPQR)
(/home/qs26/.TinyTeX/texmf-dist/tex/latex/graphics/trig.sty
Package: trig 2016/01/03 v1.10 sin cos tan (DPC)
) (/home/qs26/.TinyTeX/texmf-dist/tex/latex/graphics-cfg/graphics.cfg
File: graphics.cfg 2016/06/04 v1.11 sample graphics configuration
)
Package graphics Info: Driver file: pdftex.def on input line 105.
)
\Gin@req@height=\dimen160
\Gin@req@width=\dimen161
) (/home/qs26/.TinyTeX/texmf-dist/tex/latex/grffile/grffile.sty
Package: grffile 2019/11/11 v2.1 Extended file name support for graphics (legac
y)
Package grffile Info: This package is an empty stub for compatibility on input 
line 40.
) (/home/qs26/.TinyTeX/texmf-dist/tex/latex/fancyhdr/fancyhdr.sty
Package: fancyhdr 2019/01/31 v3.10 Extensive control of page headers and footer
s
\f@nch@headwidth=\skip54
\f@nch@O@elh=\skip55
\f@nch@O@erh=\skip56
\f@nch@O@olh=\skip57
\f@nch@O@orh=\skip58
\f@nch@O@elf=\skip59
\f@nch@O@erf=\skip60
\f@nch@O@olf=\skip61
\f@nch@O@orf=\skip62
) (/home/qs26/.TinyTeX/texmf-dist/tex/latex/l3backend/l3backend-pdftex.def
File: l3backend-pdftex.def 2020-09-11 L3 backend support: PDF output (pdfTeX)
\l__kernel_color_stack_int=\count270
\l__pdf_internal_box=\box48
) (./sheet_lab.aux)
\openout1 = `sheet_lab.aux'.

LaTeX Font Info:    Checking defaults for OML/cmm/m/it on input line 113.
LaTeX Font Info:    ... okay on input line 113.
LaTeX Font Info:    Checking defaults for OMS/cmsy/m/n on input line 113.
LaTeX Font Info:    ... okay on input line 113.
LaTeX Font Info:    Checking defaults for OT1/cmr/m/n on input line 113.
LaTeX Font Info:    ... okay on input line 113.
LaTeX Font Info:    Checking defaults for T1/cmr/m/n on input line 113.
LaTeX Font Info:    ... okay on input line 113.
LaTeX Font Info:    Checking defaults for TS1/cmr/m/n on input line 113.
LaTeX Font Info:    ... okay on input line 113.
LaTeX Font Info:    Checking defaults for OMX/cmex/m/n on input line 113.
LaTeX Font Info:    ... okay on input line 113.
LaTeX Font Info:    Checking defaults for U/cmr/m/n on input line 113.
LaTeX Font Info:    ... okay on input line 113.
LaTeX Font Info:    Checking defaults for PD1/pdf/m/n on input line 113.
LaTeX Font Info:    ... okay on input line 113.
LaTeX Font Info:    Checking defaults for PU/pdf/m/n on input line 113.
LaTeX Font Info:    ... okay on input line 113.
(/home/qs26/.TinyTeX/texmf-dist/tex/latex/epstopdf-pkg/epstopdf-base.sty
Package: epstopdf-base 2020-01-24 v2.11 Base part for package epstopdf
Package epstopdf-base Info: Redefining graphics rule for `.eps' on input line 4
85.
(/home/qs26/.TinyTeX/texmf-dist/tex/latex/latexconfig/epstopdf-sys.cfg
File: epstopdf-sys.cfg 2010/07/13 v1.3 Configuration of (r)epstopdf for TeX Liv
e
))
\AtBeginShipoutBox=\box49
Package hyperref Info: Link coloring OFF on input line 113.
(/home/qs26/.TinyTeX/texmf-dist/tex/latex/hyperref/nameref.sty
Package: nameref 2019/09/16 v2.46 Cross-referencing by name of section
(/home/qs26/.TinyTeX/texmf-dist/tex/latex/refcount/refcount.sty
Package: refcount 2019/12/15 v3.6 Data extraction from label references (HO)
) (/home/qs26/.TinyTeX/texmf-dist/tex/generic/gettitlestring/gettitlestring.sty
Package: gettitlestring 2019/12/15 v1.6 Cleanup title references (HO)
)
\c@section@level=\count271
)
LaTeX Info: Redefining \ref on input line 113.
LaTeX Info: Redefining \pageref on input line 113.
LaTeX Info: Redefining \nameref on input line 113.
(./sheet_lab.out) (./sheet_lab.out)
\@outlinefile=\write4
\openout4 = `sheet_lab.out'.

*geometry* driver: auto-detecting
*geometry* detected driver: pdftex
*geometry* verbose mode - [ preamble ] result:
* driver: pdftex
* paper: <default>
* layout: <same size as paper>
* layoutoffset:(h,v)=(0.0pt,0.0pt)
* modes: 
* h-part:(L,W,R)=(72.26999pt, 469.75502pt, 72.26999pt)
* v-part:(T,H,B)=(72.26999pt, 650.43001pt, 72.26999pt)
* \paperwidth=614.295pt
* \paperheight=794.96999pt
* \textwidth=469.75502pt
* \textheight=650.43001pt
* \oddsidemargin=0.0pt
* \evensidemargin=0.0pt
* \topmargin=-37.0pt
* \headheight=12.0pt
* \headsep=25.0pt
* \topskip=12.0pt
* \footskip=30.0pt
* \marginparwidth=44.0pt
* \marginparsep=10.0pt
* \columnsep=10.0pt
* \skip\footins=10.8pt plus 4.0pt minus 2.0pt
* \hoffset=0.0pt
* \voffset=0.0pt
* \mag=1000
* \@twocolumnfalse
* \@twosidefalse
* \@mparswitchfalse
* \@reversemarginfalse
* (1in=72.27pt=25.4mm, 1cm=28.453pt)

LaTeX Font Info:    Trying to load font information for OT1+lmr on input line 1
15.
(/home/qs26/.TinyTeX/texmf-dist/tex/latex/lm/ot1lmr.fd
File: ot1lmr.fd 2009/10/30 v1.6 Font defs for Latin Modern
)
LaTeX Font Info:    Trying to load font information for OML+lmm on input line 1
15.
(/home/qs26/.TinyTeX/texmf-dist/tex/latex/lm/omllmm.fd
File: omllmm.fd 2009/10/30 v1.6 Font defs for Latin Modern
)
LaTeX Font Info:    Trying to load font information for OMS+lmsy on input line 
115.
(/home/qs26/.TinyTeX/texmf-dist/tex/latex/lm/omslmsy.fd
File: omslmsy.fd 2009/10/30 v1.6 Font defs for Latin Modern
)
LaTeX Font Info:    Trying to load font information for OMX+lmex on input line 
115.
(/home/qs26/.TinyTeX/texmf-dist/tex/latex/lm/omxlmex.fd
File: omxlmex.fd 2009/10/30 v1.6 Font defs for Latin Modern
)
LaTeX Font Info:    External font `lmex10' loaded for size
(Font)              <14.4> on input line 115.
LaTeX Font Info:    External font `lmex10' loaded for size
(Font)              <10> on input line 115.
LaTeX Font Info:    External font `lmex10' loaded for size
(Font)              <7> on input line 115.
LaTeX Font Info:    Trying to load font information for U+msa on input line 115
.
(/home/qs26/.TinyTeX/texmf-dist/tex/latex/amsfonts/umsa.fd
File: umsa.fd 2013/01/14 v3.01 AMS symbols A
)
LaTeX Font Info:    Trying to load font information for U+msb on input line 115
.
(/home/qs26/.TinyTeX/texmf-dist/tex/latex/amsfonts/umsb.fd
File: umsb.fd 2013/01/14 v3.01 AMS symbols B
) [1

{/home/qs26/.TinyTeX/texmf-var/fonts/map/pdftex/updmap/pdftex.map}] (./sheet_la
b.toc
LaTeX Font Info:    External font `lmex10' loaded for size
(Font)              <12> on input line 3.
LaTeX Font Info:    External font `lmex10' loaded for size
(Font)              <8> on input line 3.
LaTeX Font Info:    External font `lmex10' loaded for size
(Font)              <6> on input line 3.

Package Fancyhdr Warning: \headheight is too small (12.0pt): 
Make it at least 14.49998pt.
We now make it that large for the rest of the document.
This may cause the page layout to be inconsistent, however.

[2] [3])
\tf@toc=\write5
\openout5 = `sheet_lab.toc'.

[4]
LaTeX Font Info:    Trying to load font information for T1+lmtt on input line 1
27.
(/home/qs26/.TinyTeX/texmf-dist/tex/latex/lm/t1lmtt.fd
File: t1lmtt.fd 2009/10/30 v1.6 Font defs for Latin Modern
)
LaTeX Font Info:    Font shape `T1/lmtt/bx/n' in size <9> not available
(Font)              Font shape `T1/lmtt/b/n' tried instead on input line 157.
LaTeX Font Info:    Trying to load font information for TS1+lmr on input line 1
81.
(/home/qs26/.TinyTeX/texmf-dist/tex/latex/lm/ts1lmr.fd
File: ts1lmr.fd 2009/10/30 v1.6 Font defs for Latin Modern
)pdfTeX warning (ext4): destination with the same identifier (name{page.1}) has
 been already used, duplicate ignored
<to be read again> 
                   \relax 
l.212 \end{Shaded}
                   [1]
<sheet_lab_files/figure-latex/unnamed-chunk-11-1.pdf, id=376, 459.7175pt x 313.
17pt>
File: sheet_lab_files/figure-latex/unnamed-chunk-11-1.pdf Graphic file (type pd
f)
<use sheet_lab_files/figure-latex/unnamed-chunk-11-1.pdf>
Package pdftex.def Info: sheet_lab_files/figure-latex/unnamed-chunk-11-1.pdf  u
sed on input line 224.
(pdftex.def)             Requested size: 459.7304pt x 313.17877pt.
pdfTeX warning (ext4): destination with the same identifier (name{page.2}) has 
been already used, duplicate ignored
<to be read again> 
                   \relax 
l.246 
       [2 <./sheet_lab_files/figure-latex/unnamed-chunk-11-1.pdf>]pdfTeX warnin
g (ext4): destination with the same identifier (name{page.3}) has been already 
used, duplicate ignored
<to be read again> 
                   \relax 
l.344 \end{Shaded}
                   [3]
LaTeX Font Info:    External font `lmex10' loaded for size
(Font)              <9> on input line 361.
LaTeX Font Info:    External font `lmex10' loaded for size
(Font)              <5> on input line 361.
pdfTeX warning (ext4): destination with the same identifier (name{page.4}) has 
been already used, duplicate ignored
<to be read again> 
                   \relax 
l.412 
       [4] [5]
<sheet_lab_files/figure-latex/unnamed-chunk-21-1.pdf, id=411, 448.67625pt x 314
.17375pt>
File: sheet_lab_files/figure-latex/unnamed-chunk-21-1.pdf Graphic file (type pd
f)
<use sheet_lab_files/figure-latex/unnamed-chunk-21-1.pdf>
Package pdftex.def Info: sheet_lab_files/figure-latex/unnamed-chunk-21-1.pdf  u
sed on input line 518.
(pdftex.def)             Requested size: 448.6957pt x 314.18735pt.
[6 <./sheet_lab_files/figure-latex/unnamed-chunk-21-1.pdf>]
<sheet_lab_files/figure-latex/unnamed-chunk-22-1.pdf, id=424, 436.63126pt x 282
.05376pt>
File: sheet_lab_files/figure-latex/unnamed-chunk-22-1.pdf Graphic file (type pd
f)
<use sheet_lab_files/figure-latex/unnamed-chunk-22-1.pdf>
Package pdftex.def Info: sheet_lab_files/figure-latex/unnamed-chunk-22-1.pdf  u
sed on input line 557.
(pdftex.def)             Requested size: 234.87793pt x 151.72574pt.
<sheet_lab_files/figure-latex/unnamed-chunk-22-2.pdf, id=425, 440.64626pt x 282
.05376pt>
File: sheet_lab_files/figure-latex/unnamed-chunk-22-2.pdf Graphic file (type pd
f)
<use sheet_lab_files/figure-latex/unnamed-chunk-22-2.pdf>
Package pdftex.def Info: sheet_lab_files/figure-latex/unnamed-chunk-22-2.pdf  u
sed on input line 558.
(pdftex.def)             Requested size: 234.87941pt x 150.34422pt.

Overfull \hbox (2.61339pt too wide) in paragraph at lines 557--559
[][] [] 
 []

[7 <./sheet_lab_files/figure-latex/unnamed-chunk-22-1.pdf> <./sheet_lab_files/f
igure-latex/unnamed-chunk-22-2.pdf>]
<sheet_lab_files/figure-latex/unnamed-chunk-23-1.pdf, id=449, 459.7175pt x 315.
1775pt>
File: sheet_lab_files/figure-latex/unnamed-chunk-23-1.pdf Graphic file (type pd
f)
<use sheet_lab_files/figure-latex/unnamed-chunk-23-1.pdf>
Package pdftex.def Info: sheet_lab_files/figure-latex/unnamed-chunk-23-1.pdf  u
sed on input line 587.
(pdftex.def)             Requested size: 234.8807pt x 161.03175pt.
<sheet_lab_files/figure-latex/unnamed-chunk-23-2.pdf, id=450, 459.7175pt x 315.
1775pt>
File: sheet_lab_files/figure-latex/unnamed-chunk-23-2.pdf Graphic file (type pd
f)
<use sheet_lab_files/figure-latex/unnamed-chunk-23-2.pdf>
Package pdftex.def Info: sheet_lab_files/figure-latex/unnamed-chunk-23-2.pdf  u
sed on input line 588.
(pdftex.def)             Requested size: 234.8807pt x 161.03175pt.
<sheet_lab_files/figure-latex/unnamed-chunk-23-3.pdf, id=451, 459.7175pt x 313.
17pt>
File: sheet_lab_files/figure-latex/unnamed-chunk-23-3.pdf Graphic file (type pd
f)
<use sheet_lab_files/figure-latex/unnamed-chunk-23-3.pdf>
Package pdftex.def Info: sheet_lab_files/figure-latex/unnamed-chunk-23-3.pdf  u
sed on input line 589.
(pdftex.def)             Requested size: 234.8807pt x 160.00607pt.
<sheet_lab_files/figure-latex/unnamed-chunk-23-4.pdf, id=452, 442.65375pt x 250
.9375pt>
File: sheet_lab_files/figure-latex/unnamed-chunk-23-4.pdf Graphic file (type pd
f)
<use sheet_lab_files/figure-latex/unnamed-chunk-23-4.pdf>
Package pdftex.def Info: sheet_lab_files/figure-latex/unnamed-chunk-23-4.pdf  u
sed on input line 590.
(pdftex.def)             Requested size: 234.88228pt x 133.15321pt.

Overfull \hbox (2.61746pt too wide) in paragraph at lines 587--591
[][] []
 []


Overfull \hbox (2.61903pt too wide) in paragraph at lines 587--591
[] [] 
 []

<sheet_lab_files/figure-latex/unnamed-chunk-24-1.pdf, id=453, 442.65375pt x 307
.1475pt>
File: sheet_lab_files/figure-latex/unnamed-chunk-24-1.pdf Graphic file (type pd
f)
<use sheet_lab_files/figure-latex/unnamed-chunk-24-1.pdf>
Package pdftex.def Info: sheet_lab_files/figure-latex/unnamed-chunk-24-1.pdf  u
sed on input line 607.
(pdftex.def)             Requested size: 442.67966pt x 307.16548pt.
[8 <./sheet_lab_files/figure-latex/unnamed-chunk-23-1.pdf> <./sheet_lab_files/f
igure-latex/unnamed-chunk-23-2.pdf> <./sheet_lab_files/figure-latex/unnamed-chu
nk-23-3.pdf> <./sheet_lab_files/figure-latex/unnamed-chunk-23-4.pdf>]
<sheet_lab_files/figure-latex/unnamed-chunk-25-1.pdf, id=488, 440.64626pt x 282
.05376pt>
File: sheet_lab_files/figure-latex/unnamed-chunk-25-1.pdf Graphic file (type pd
f)
<use sheet_lab_files/figure-latex/unnamed-chunk-25-1.pdf>
Package pdftex.def Info: sheet_lab_files/figure-latex/unnamed-chunk-25-1.pdf  u
sed on input line 622.
(pdftex.def)             Requested size: 234.87941pt x 150.34422pt.
<sheet_lab_files/figure-latex/unnamed-chunk-25-2.pdf, id=489, 459.7175pt x 313.
17pt>
File: sheet_lab_files/figure-latex/unnamed-chunk-25-2.pdf Graphic file (type pd
f)
<use sheet_lab_files/figure-latex/unnamed-chunk-25-2.pdf>
Package pdftex.def Info: sheet_lab_files/figure-latex/unnamed-chunk-25-2.pdf  u
sed on input line 623.
(pdftex.def)             Requested size: 234.8807pt x 160.00607pt.

Overfull \hbox (2.61617pt too wide) in paragraph at lines 622--624
[] [] 
 []

[9 <./sheet_lab_files/figure-latex/unnamed-chunk-24-1.pdf> <./sheet_lab_files/f
igure-latex/unnamed-chunk-25-1.pdf> <./sheet_lab_files/figure-latex/unnamed-chu
nk-25-2.pdf>]
<sheet_lab_files/figure-latex/unnamed-chunk-27-1.pdf, id=517, 436.63126pt x 250
.9375pt>
File: sheet_lab_files/figure-latex/unnamed-chunk-27-1.pdf Graphic file (type pd
f)
<use sheet_lab_files/figure-latex/unnamed-chunk-27-1.pdf>
Package pdftex.def Info: sheet_lab_files/figure-latex/unnamed-chunk-27-1.pdf  u
sed on input line 653.
(pdftex.def)             Requested size: 234.87793pt x 134.9873pt.
<sheet_lab_files/figure-latex/unnamed-chunk-27-2.pdf, id=518, 436.63126pt x 289
.08pt>
File: sheet_lab_files/figure-latex/unnamed-chunk-27-2.pdf Graphic file (type pd
f)
<use sheet_lab_files/figure-latex/unnamed-chunk-27-2.pdf>
Package pdftex.def Info: sheet_lab_files/figure-latex/unnamed-chunk-27-2.pdf  u
sed on input line 654.
(pdftex.def)             Requested size: 234.87793pt x 155.50539pt.

Overfull \hbox (2.61191pt too wide) in paragraph at lines 653--655
[] [] 
 []

[10 <./sheet_lab_files/figure-latex/unnamed-chunk-27-1.pdf> <./sheet_lab_files/
figure-latex/unnamed-chunk-27-2.pdf>] [11]
<sheet_lab_files/figure-latex/unnamed-chunk-30-1.pdf, id=544, 436.63126pt x 248
.93pt>
File: sheet_lab_files/figure-latex/unnamed-chunk-30-1.pdf Graphic file (type pd
f)
<use sheet_lab_files/figure-latex/unnamed-chunk-30-1.pdf>
Package pdftex.def Info: sheet_lab_files/figure-latex/unnamed-chunk-30-1.pdf  u
sed on input line 767.
(pdftex.def)             Requested size: 234.87793pt x 133.90741pt.
[12]
<sheet_lab_files/figure-latex/unnamed-chunk-32-1.pdf, id=552, 450.68375pt x 282
.05376pt>
File: sheet_lab_files/figure-latex/unnamed-chunk-32-1.pdf Graphic file (type pd
f)
<use sheet_lab_files/figure-latex/unnamed-chunk-32-1.pdf>
Package pdftex.def Info: sheet_lab_files/figure-latex/unnamed-chunk-32-1.pdf  u
sed on input line 822.
(pdftex.def)             Requested size: 140.92772pt x 88.19753pt.
<sheet_lab_files/figure-latex/unnamed-chunk-32-2.pdf, id=553, 454.69875pt x 282
.05376pt>
File: sheet_lab_files/figure-latex/unnamed-chunk-32-2.pdf Graphic file (type pd
f)
<use sheet_lab_files/figure-latex/unnamed-chunk-32-2.pdf>
Package pdftex.def Info: sheet_lab_files/figure-latex/unnamed-chunk-32-2.pdf  u
sed on input line 823.
(pdftex.def)             Requested size: 140.9274pt x 87.41853pt.
<sheet_lab_files/figure-latex/unnamed-chunk-32-3.pdf, id=554, 454.69875pt x 282
.05376pt>
File: sheet_lab_files/figure-latex/unnamed-chunk-32-3.pdf Graphic file (type pd
f)
<use sheet_lab_files/figure-latex/unnamed-chunk-32-3.pdf>
Package pdftex.def Info: sheet_lab_files/figure-latex/unnamed-chunk-32-3.pdf  u
sed on input line 824.
(pdftex.def)             Requested size: 140.9274pt x 87.41853pt.
<sheet_lab_files/figure-latex/unnamed-chunk-32-4.pdf, id=555, 446.66875pt x 282
.05376pt>
File: sheet_lab_files/figure-latex/unnamed-chunk-32-4.pdf Graphic file (type pd
f)
<use sheet_lab_files/figure-latex/unnamed-chunk-32-4.pdf>
Package pdftex.def Info: sheet_lab_files/figure-latex/unnamed-chunk-32-4.pdf  u
sed on input line 825.
(pdftex.def)             Requested size: 140.9263pt x 88.98943pt.
<sheet_lab_files/figure-latex/unnamed-chunk-32-5.pdf, id=556, 450.68375pt x 282
.05376pt>
File: sheet_lab_files/figure-latex/unnamed-chunk-32-5.pdf Graphic file (type pd
f)
<use sheet_lab_files/figure-latex/unnamed-chunk-32-5.pdf>
Package pdftex.def Info: sheet_lab_files/figure-latex/unnamed-chunk-32-5.pdf  u
sed on input line 826.
(pdftex.def)             Requested size: 140.92772pt x 88.19753pt.
<sheet_lab_files/figure-latex/unnamed-chunk-32-6.pdf, id=557, 450.68375pt x 282
.05376pt>
File: sheet_lab_files/figure-latex/unnamed-chunk-32-6.pdf Graphic file (type pd
f)
<use sheet_lab_files/figure-latex/unnamed-chunk-32-6.pdf>
Package pdftex.def Info: sheet_lab_files/figure-latex/unnamed-chunk-32-6.pdf  u
sed on input line 827.
(pdftex.def)             Requested size: 140.92772pt x 88.19753pt.

Underfull \hbox (badness 10000) in paragraph at lines 822--828
[][] [] []
 []

[13 <./sheet_lab_files/figure-latex/unnamed-chunk-30-1.pdf>] [14 <./sheet_lab_f
iles/figure-latex/unnamed-chunk-32-1.pdf> <./sheet_lab_files/figure-latex/unnam
ed-chunk-32-2.pdf> <./sheet_lab_files/figure-latex/unnamed-chunk-32-3.pdf> <./s
heet_lab_files/figure-latex/unnamed-chunk-32-4.pdf> <./sheet_lab_files/figure-l
atex/unnamed-chunk-32-5.pdf> <./sheet_lab_files/figure-latex/unnamed-chunk-32-6
.pdf>] [15] [16] [17]
<sheet_lab_files/figure-latex/unnamed-chunk-43-1.pdf, id=633, 453.695pt x 282.0
5376pt>
File: sheet_lab_files/figure-latex/unnamed-chunk-43-1.pdf Graphic file (type pd
f)
<use sheet_lab_files/figure-latex/unnamed-chunk-43-1.pdf>
Package pdftex.def Info: sheet_lab_files/figure-latex/unnamed-chunk-43-1.pdf  u
sed on input line 1108.
(pdftex.def)             Requested size: 234.87741pt x 146.01892pt.
<sheet_lab_files/figure-latex/unnamed-chunk-43-2.pdf, id=634, 459.7175pt x 313.
17pt>
File: sheet_lab_files/figure-latex/unnamed-chunk-43-2.pdf Graphic file (type pd
f)
<use sheet_lab_files/figure-latex/unnamed-chunk-43-2.pdf>
Package pdftex.def Info: sheet_lab_files/figure-latex/unnamed-chunk-43-2.pdf  u
sed on input line 1109.
(pdftex.def)             Requested size: 234.8807pt x 160.00607pt.

Overfull \hbox (2.61417pt too wide) in paragraph at lines 1108--1110
[][] [] 
 []

[18 <./sheet_lab_files/figure-latex/unnamed-chunk-43-1.pdf> <./sheet_lab_files/
figure-latex/unnamed-chunk-43-2.pdf>]
<sheet_lab_files/figure-latex/unnamed-chunk-45-1.pdf, id=656, 449.68pt x 282.05
376pt>
File: sheet_lab_files/figure-latex/unnamed-chunk-45-1.pdf Graphic file (type pd
f)
<use sheet_lab_files/figure-latex/unnamed-chunk-45-1.pdf>
Package pdftex.def Info: sheet_lab_files/figure-latex/unnamed-chunk-45-1.pdf  u
sed on input line 1153.
(pdftex.def)             Requested size: 234.8779pt x 147.32297pt.
<sheet_lab_files/figure-latex/unnamed-chunk-45-2.pdf, id=657, 453.695pt x 282.0
5376pt>
File: sheet_lab_files/figure-latex/unnamed-chunk-45-2.pdf Graphic file (type pd
f)
<use sheet_lab_files/figure-latex/unnamed-chunk-45-2.pdf>
Package pdftex.def Info: sheet_lab_files/figure-latex/unnamed-chunk-45-2.pdf  u
sed on input line 1154.
(pdftex.def)             Requested size: 234.87741pt x 146.01892pt.

Overfull \hbox (2.61136pt too wide) in paragraph at lines 1153--1155
[] [] 
 []

[19 <./sheet_lab_files/figure-latex/unnamed-chunk-45-1.pdf> <./sheet_lab_files/
figure-latex/unnamed-chunk-45-2.pdf>]
<sheet_lab_files/figure-latex/unnamed-chunk-50-1.pdf, id=677, 453.695pt x 282.0
5376pt>
File: sheet_lab_files/figure-latex/unnamed-chunk-50-1.pdf Graphic file (type pd
f)
<use sheet_lab_files/figure-latex/unnamed-chunk-50-1.pdf>
Package pdftex.def Info: sheet_lab_files/figure-latex/unnamed-chunk-50-1.pdf  u
sed on input line 1288.
(pdftex.def)             Requested size: 234.87741pt x 146.01892pt.
<sheet_lab_files/figure-latex/unnamed-chunk-50-2.pdf, id=678, 455.7025pt x 282.
05376pt>
File: sheet_lab_files/figure-latex/unnamed-chunk-50-2.pdf Graphic file (type pd
f)
<use sheet_lab_files/figure-latex/unnamed-chunk-50-2.pdf>
Package pdftex.def Info: sheet_lab_files/figure-latex/unnamed-chunk-50-2.pdf  u
sed on input line 1289.
(pdftex.def)             Requested size: 234.88062pt x 145.37766pt.
<sheet_lab_files/figure-latex/unnamed-chunk-50-3.pdf, id=679, 463.7325pt x 313.
17pt>
File: sheet_lab_files/figure-latex/unnamed-chunk-50-3.pdf Graphic file (type pd
f)
<use sheet_lab_files/figure-latex/unnamed-chunk-50-3.pdf>
Package pdftex.def Info: sheet_lab_files/figure-latex/unnamed-chunk-50-3.pdf  u
sed on input line 1290.
(pdftex.def)             Requested size: 234.88004pt x 158.62029pt.
<sheet_lab_files/figure-latex/unnamed-chunk-50-4.pdf, id=680, 457.71pt x 313.17
pt>
File: sheet_lab_files/figure-latex/unnamed-chunk-50-4.pdf Graphic file (type pd
f)
<use sheet_lab_files/figure-latex/unnamed-chunk-50-4.pdf>
Package pdftex.def Info: sheet_lab_files/figure-latex/unnamed-chunk-50-4.pdf  u
sed on input line 1291.
(pdftex.def)             Requested size: 234.87473pt x 160.70374pt.
<sheet_lab_files/figure-latex/unnamed-chunk-50-5.pdf, id=681, 457.71pt x 316.18
124pt>
File: sheet_lab_files/figure-latex/unnamed-chunk-50-5.pdf Graphic file (type pd
f)
<use sheet_lab_files/figure-latex/unnamed-chunk-50-5.pdf>
Package pdftex.def Info: sheet_lab_files/figure-latex/unnamed-chunk-50-5.pdf  u
sed on input line 1292.
(pdftex.def)             Requested size: 234.87473pt x 162.24898pt.
<sheet_lab_files/figure-latex/unnamed-chunk-50-6.pdf, id=682, 453.695pt x 315.1
775pt>
File: sheet_lab_files/figure-latex/unnamed-chunk-50-6.pdf Graphic file (type pd
f)
<use sheet_lab_files/figure-latex/unnamed-chunk-50-6.pdf>
Package pdftex.def Info: sheet_lab_files/figure-latex/unnamed-chunk-50-6.pdf  u
sed on input line 1293.
(pdftex.def)             Requested size: 234.87741pt x 163.16705pt.

Overfull \hbox (2.61407pt too wide) in paragraph at lines 1288--1294
[] []
 []


Overfull \hbox (2.61081pt too wide) in paragraph at lines 1288--1294
[] []
 []


Overfull \hbox (2.60818pt too wide) in paragraph at lines 1288--1294
[] [] 
 []

[20] [21 <./sheet_lab_files/figure-latex/unnamed-chunk-50-1.pdf> <./sheet_lab_f
iles/figure-latex/unnamed-chunk-50-2.pdf> <./sheet_lab_files/figure-latex/unnam
ed-chunk-50-3.pdf> <./sheet_lab_files/figure-latex/unnamed-chunk-50-4.pdf> <./s
heet_lab_files/figure-latex/unnamed-chunk-50-5.pdf> <./sheet_lab_files/figure-l
atex/unnamed-chunk-50-6.pdf>] [22] [23]
<sheet_lab_files/figure-latex/unnamed-chunk-59-1.pdf, id=751, 436.63126pt x 248
.93pt>
File: sheet_lab_files/figure-latex/unnamed-chunk-59-1.pdf Graphic file (type pd
f)
<use sheet_lab_files/figure-latex/unnamed-chunk-59-1.pdf>
Package pdftex.def Info: sheet_lab_files/figure-latex/unnamed-chunk-59-1.pdf  u
sed on input line 1520.
(pdftex.def)             Requested size: 234.87793pt x 133.90741pt.
[24 <./sheet_lab_files/figure-latex/unnamed-chunk-59-1.pdf>] [25]
<sheet_lab_files/figure-latex/unnamed-chunk-66-1.pdf, id=769, 448.67625pt x 314
.17375pt>
File: sheet_lab_files/figure-latex/unnamed-chunk-66-1.pdf Graphic file (type pd
f)
<use sheet_lab_files/figure-latex/unnamed-chunk-66-1.pdf>
Package pdftex.def Info: sheet_lab_files/figure-latex/unnamed-chunk-66-1.pdf  u
sed on input line 1663.
(pdftex.def)             Requested size: 234.87393pt x 164.4643pt.
<sheet_lab_files/figure-latex/unnamed-chunk-67-1.pdf, id=770, 450.68375pt x 307
.1475pt>
File: sheet_lab_files/figure-latex/unnamed-chunk-67-1.pdf Graphic file (type pd
f)
<use sheet_lab_files/figure-latex/unnamed-chunk-67-1.pdf>
Package pdftex.def Info: sheet_lab_files/figure-latex/unnamed-chunk-67-1.pdf  u
sed on input line 1668.
(pdftex.def)             Requested size: 234.87953pt x 160.0738pt.
<sheet_lab_files/figure-latex/unnamed-chunk-67-2.pdf, id=771, 463.7325pt x 325.
215pt>
File: sheet_lab_files/figure-latex/unnamed-chunk-67-2.pdf Graphic file (type pd
f)
<use sheet_lab_files/figure-latex/unnamed-chunk-67-2.pdf>
Package pdftex.def Info: sheet_lab_files/figure-latex/unnamed-chunk-67-2.pdf  u
sed on input line 1669.
(pdftex.def)             Requested size: 234.88004pt x 164.72107pt.
<sheet_lab_files/figure-latex/unnamed-chunk-67-3.pdf, id=772, 263.98625pt x 170
.6375pt>
File: sheet_lab_files/figure-latex/unnamed-chunk-67-3.pdf Graphic file (type pd
f)
<use sheet_lab_files/figure-latex/unnamed-chunk-67-3.pdf>
Package pdftex.def Info: sheet_lab_files/figure-latex/unnamed-chunk-67-3.pdf  u
sed on input line 1670.
(pdftex.def)             Requested size: 234.87854pt x 151.82262pt.

Overfull \hbox (2.61562pt too wide) in paragraph at lines 1668--1671
[][] []
 []

[26 <./sheet_lab_files/figure-latex/unnamed-chunk-66-1.pdf> <./sheet_lab_files/
figure-latex/unnamed-chunk-67-1.pdf> <./sheet_lab_files/figure-latex/unnamed-ch
unk-67-2.pdf>]
<sheet_lab_files/figure-latex/unnamed-chunk-69-1.pdf, id=798, 436.63126pt x 282
.05376pt>
File: sheet_lab_files/figure-latex/unnamed-chunk-69-1.pdf Graphic file (type pd
f)
<use sheet_lab_files/figure-latex/unnamed-chunk-69-1.pdf>
Package pdftex.def Info: sheet_lab_files/figure-latex/unnamed-chunk-69-1.pdf  u
sed on input line 1711.
(pdftex.def)             Requested size: 117.43896pt x 75.86287pt.
<sheet_lab_files/figure-latex/unnamed-chunk-69-2.pdf, id=799, 440.64626pt x 282
.05376pt>
File: sheet_lab_files/figure-latex/unnamed-chunk-69-2.pdf Graphic file (type pd
f)
<use sheet_lab_files/figure-latex/unnamed-chunk-69-2.pdf>
Package pdftex.def Info: sheet_lab_files/figure-latex/unnamed-chunk-69-2.pdf  u
sed on input line 1712.
(pdftex.def)             Requested size: 117.43634pt x 75.16995pt.
<sheet_lab_files/figure-latex/unnamed-chunk-69-3.pdf, id=800, 440.64626pt x 282
.05376pt>
File: sheet_lab_files/figure-latex/unnamed-chunk-69-3.pdf Graphic file (type pd
f)
<use sheet_lab_files/figure-latex/unnamed-chunk-69-3.pdf>
Package pdftex.def Info: sheet_lab_files/figure-latex/unnamed-chunk-69-3.pdf  u
sed on input line 1713.
(pdftex.def)             Requested size: 117.43634pt x 75.16995pt.
<sheet_lab_files/figure-latex/unnamed-chunk-69-4.pdf, id=801, 455.7025pt x 282.
05376pt>
File: sheet_lab_files/figure-latex/unnamed-chunk-69-4.pdf Graphic file (type pd
f)
<use sheet_lab_files/figure-latex/unnamed-chunk-69-4.pdf>
Package pdftex.def Info: sheet_lab_files/figure-latex/unnamed-chunk-69-4.pdf  u
sed on input line 1714.
(pdftex.def)             Requested size: 117.43683pt x 72.68668pt.

Overfull \hbox (7.82666pt too wide) in paragraph at lines 1711--1715
[][] [] [] [] 
 []

[27 <./sheet_lab_files/figure-latex/unnamed-chunk-67-3.pdf> <./sheet_lab_files/
figure-latex/unnamed-chunk-69-1.pdf> <./sheet_lab_files/figure-latex/unnamed-ch
unk-69-2.pdf> <./sheet_lab_files/figure-latex/unnamed-chunk-69-3.pdf> <./sheet_
lab_files/figure-latex/unnamed-chunk-69-4.pdf>]
<sheet_lab_files/figure-latex/unnamed-chunk-73-1.pdf, id=842, 436.63126pt x 248
.93pt>
File: sheet_lab_files/figure-latex/unnamed-chunk-73-1.pdf Graphic file (type pd
f)
<use sheet_lab_files/figure-latex/unnamed-chunk-73-1.pdf>
Package pdftex.def Info: sheet_lab_files/figure-latex/unnamed-chunk-73-1.pdf  u
sed on input line 1770.
(pdftex.def)             Requested size: 234.87793pt x 133.90741pt.
[28 <./sheet_lab_files/figure-latex/unnamed-chunk-73-1.pdf>]
<sheet_lab_files/figure-latex/unnamed-chunk-80-1.pdf, id=856, 448.67625pt x 314
.17375pt>
File: sheet_lab_files/figure-latex/unnamed-chunk-80-1.pdf Graphic file (type pd
f)
<use sheet_lab_files/figure-latex/unnamed-chunk-80-1.pdf>
Package pdftex.def Info: sheet_lab_files/figure-latex/unnamed-chunk-80-1.pdf  u
sed on input line 1895.
(pdftex.def)             Requested size: 448.6957pt x 314.18735pt.
[29]
<sheet_lab_files/figure-latex/unnamed-chunk-81-1.pdf, id=861, 463.7325pt x 321.
2pt>
File: sheet_lab_files/figure-latex/unnamed-chunk-81-1.pdf Graphic file (type pd
f)
<use sheet_lab_files/figure-latex/unnamed-chunk-81-1.pdf>
Package pdftex.def Info: sheet_lab_files/figure-latex/unnamed-chunk-81-1.pdf  u
sed on input line 1899.
(pdftex.def)             Requested size: 463.7455pt x 321.20901pt.
<sheet_lab_files/figure-latex/unnamed-chunk-81-2.pdf, id=862, 263.98625pt x 166
.6225pt>
File: sheet_lab_files/figure-latex/unnamed-chunk-81-2.pdf Graphic file (type pd
f)
<use sheet_lab_files/figure-latex/unnamed-chunk-81-2.pdf>
Package pdftex.def Info: sheet_lab_files/figure-latex/unnamed-chunk-81-2.pdf  u
sed on input line 1900.
(pdftex.def)             Requested size: 264.0017pt x 166.63225pt.

Underfull \hbox (badness 10000) in paragraph at lines 1899--1901
[][]
 []

[30 <./sheet_lab_files/figure-latex/unnamed-chunk-80-1.pdf>] [31 <./sheet_lab_f
iles/figure-latex/unnamed-chunk-81-1.pdf> <./sheet_lab_files/figure-latex/unnam
ed-chunk-81-2.pdf>]
<sheet_lab_files/figure-latex/unnamed-chunk-83-1.pdf, id=892, 436.63126pt x 282
.05376pt>
File: sheet_lab_files/figure-latex/unnamed-chunk-83-1.pdf Graphic file (type pd
f)
<use sheet_lab_files/figure-latex/unnamed-chunk-83-1.pdf>
Package pdftex.def Info: sheet_lab_files/figure-latex/unnamed-chunk-83-1.pdf  u
sed on input line 1949.
(pdftex.def)             Requested size: 117.43896pt x 75.86287pt.
<sheet_lab_files/figure-latex/unnamed-chunk-83-2.pdf, id=893, 440.64626pt x 282
.05376pt>
File: sheet_lab_files/figure-latex/unnamed-chunk-83-2.pdf Graphic file (type pd
f)
<use sheet_lab_files/figure-latex/unnamed-chunk-83-2.pdf>
Package pdftex.def Info: sheet_lab_files/figure-latex/unnamed-chunk-83-2.pdf  u
sed on input line 1950.
(pdftex.def)             Requested size: 117.43634pt x 75.16995pt.
<sheet_lab_files/figure-latex/unnamed-chunk-83-3.pdf, id=894, 440.64626pt x 282
.05376pt>
File: sheet_lab_files/figure-latex/unnamed-chunk-83-3.pdf Graphic file (type pd
f)
<use sheet_lab_files/figure-latex/unnamed-chunk-83-3.pdf>
Package pdftex.def Info: sheet_lab_files/figure-latex/unnamed-chunk-83-3.pdf  u
sed on input line 1951.
(pdftex.def)             Requested size: 117.43634pt x 75.16995pt.
<sheet_lab_files/figure-latex/unnamed-chunk-83-4.pdf, id=895, 455.7025pt x 282.
05376pt>
File: sheet_lab_files/figure-latex/unnamed-chunk-83-4.pdf Graphic file (type pd
f)
<use sheet_lab_files/figure-latex/unnamed-chunk-83-4.pdf>
Package pdftex.def Info: sheet_lab_files/figure-latex/unnamed-chunk-83-4.pdf  u
sed on input line 1952.
(pdftex.def)             Requested size: 117.43683pt x 72.68668pt.

Overfull \hbox (7.82666pt too wide) in paragraph at lines 1949--1953
[][] [] [] [] 
 []

[32 <./sheet_lab_files/figure-latex/unnamed-chunk-83-1.pdf> <./sheet_lab_files/
figure-latex/unnamed-chunk-83-2.pdf> <./sheet_lab_files/figure-latex/unnamed-ch
unk-83-3.pdf> <./sheet_lab_files/figure-latex/unnamed-chunk-83-4.pdf>] [33]
<sheet_lab_files/figure-latex/unnamed-chunk-96-1.pdf, id=938, 456.70625pt x 301
.125pt>
File: sheet_lab_files/figure-latex/unnamed-chunk-96-1.pdf Graphic file (type pd
f)
<use sheet_lab_files/figure-latex/unnamed-chunk-96-1.pdf>
Package pdftex.def Info: sheet_lab_files/figure-latex/unnamed-chunk-96-1.pdf  u
sed on input line 2098.
(pdftex.def)             Requested size: 456.74693pt x 301.15181pt.
[34 <./sheet_lab_files/figure-latex/unnamed-chunk-96-1.pdf>]
<sheet_lab_files/figure-latex/unnamed-chunk-100-1.pdf, id=951, 436.63126pt x 25
3.94875pt>
File: sheet_lab_files/figure-latex/unnamed-chunk-100-1.pdf Graphic file (type p
df)
<use sheet_lab_files/figure-latex/unnamed-chunk-100-1.pdf>
Package pdftex.def Info: sheet_lab_files/figure-latex/unnamed-chunk-100-1.pdf  
used on input line 2189.
(pdftex.def)             Requested size: 234.87793pt x 136.60716pt.
[35]
<sheet_lab_files/figure-latex/unnamed-chunk-101-1.pdf, id=957, 459.7175pt x 282
.05376pt>
File: sheet_lab_files/figure-latex/unnamed-chunk-101-1.pdf Graphic file (type p
df)
<use sheet_lab_files/figure-latex/unnamed-chunk-101-1.pdf>
Package pdftex.def Info: sheet_lab_files/figure-latex/unnamed-chunk-101-1.pdf  
used on input line 2198.
(pdftex.def)             Requested size: 117.43333pt x 72.04971pt.
<sheet_lab_files/figure-latex/unnamed-chunk-101-2.pdf, id=958, 463.7325pt x 282
.05376pt>
File: sheet_lab_files/figure-latex/unnamed-chunk-101-2.pdf Graphic file (type p
df)
<use sheet_lab_files/figure-latex/unnamed-chunk-101-2.pdf>
Package pdftex.def Info: sheet_lab_files/figure-latex/unnamed-chunk-101-2.pdf  
used on input line 2199.
(pdftex.def)             Requested size: 117.43294pt x 71.42566pt.
<sheet_lab_files/figure-latex/unnamed-chunk-101-3.pdf, id=959, 463.7325pt x 282
.05376pt>
File: sheet_lab_files/figure-latex/unnamed-chunk-101-3.pdf Graphic file (type p
df)
<use sheet_lab_files/figure-latex/unnamed-chunk-101-3.pdf>
Package pdftex.def Info: sheet_lab_files/figure-latex/unnamed-chunk-101-3.pdf  
used on input line 2200.
(pdftex.def)             Requested size: 117.43294pt x 71.42566pt.
<sheet_lab_files/figure-latex/unnamed-chunk-101-4.pdf, id=960, 424.58624pt x 28
3.0575pt>
File: sheet_lab_files/figure-latex/unnamed-chunk-101-4.pdf Graphic file (type p
df)
<use sheet_lab_files/figure-latex/unnamed-chunk-101-4.pdf>
Package pdftex.def Info: sheet_lab_files/figure-latex/unnamed-chunk-101-4.pdf  
used on input line 2201.
(pdftex.def)             Requested size: 117.4386pt x 78.29239pt.

Overfull \hbox (7.816pt too wide) in paragraph at lines 2198--2202
[] [] [] [] 
 []

<sheet_lab_files/figure-latex/unnamed-chunk-102-1.pdf, id=961, 457.71pt x 282.0
5376pt>
File: sheet_lab_files/figure-latex/unnamed-chunk-102-1.pdf Graphic file (type p
df)
<use sheet_lab_files/figure-latex/unnamed-chunk-102-1.pdf>
Package pdftex.def Info: sheet_lab_files/figure-latex/unnamed-chunk-102-1.pdf  
used on input line 2211.
(pdftex.def)             Requested size: 117.43736pt x 72.3682pt.
<sheet_lab_files/figure-latex/unnamed-chunk-102-2.pdf, id=962, 461.725pt x 282.
05376pt>
File: sheet_lab_files/figure-latex/unnamed-chunk-102-2.pdf Graphic file (type p
df)
<use sheet_lab_files/figure-latex/unnamed-chunk-102-2.pdf>
Package pdftex.def Info: sheet_lab_files/figure-latex/unnamed-chunk-102-2.pdf  
used on input line 2212.
(pdftex.def)             Requested size: 117.43889pt x 71.73984pt.
<sheet_lab_files/figure-latex/unnamed-chunk-102-3.pdf, id=963, 461.725pt x 282.
05376pt>
File: sheet_lab_files/figure-latex/unnamed-chunk-102-3.pdf Graphic file (type p
df)
<use sheet_lab_files/figure-latex/unnamed-chunk-102-3.pdf>
Package pdftex.def Info: sheet_lab_files/figure-latex/unnamed-chunk-102-3.pdf  
used on input line 2213.
(pdftex.def)             Requested size: 117.43889pt x 71.73984pt.
<sheet_lab_files/figure-latex/unnamed-chunk-102-4.pdf, id=964, 424.58624pt x 28
3.0575pt>
File: sheet_lab_files/figure-latex/unnamed-chunk-102-4.pdf Graphic file (type p
df)
<use sheet_lab_files/figure-latex/unnamed-chunk-102-4.pdf>
Package pdftex.def Info: sheet_lab_files/figure-latex/unnamed-chunk-102-4.pdf  
used on input line 2214.
(pdftex.def)             Requested size: 117.4386pt x 78.29239pt.

Overfull \hbox (7.83192pt too wide) in paragraph at lines 2211--2215
[][] [] [] [] 
 []

[36 <./sheet_lab_files/figure-latex/unnamed-chunk-100-1.pdf> <./sheet_lab_files
/figure-latex/unnamed-chunk-101-1.pdf> <./sheet_lab_files/figure-latex/unnamed-
chunk-101-2.pdf> <./sheet_lab_files/figure-latex/unnamed-chunk-101-3.pdf> <./sh
eet_lab_files/figure-latex/unnamed-chunk-101-4.pdf> <./sheet_lab_files/figure-l
atex/unnamed-chunk-102-1.pdf> <./sheet_lab_files/figure-latex/unnamed-chunk-102
-2.pdf> <./sheet_lab_files/figure-latex/unnamed-chunk-102-3.pdf> <./sheet_lab_f
iles/figure-latex/unnamed-chunk-102-4.pdf>] [37] [38] [39]
<sheet_lab_files/figure-latex/unnamed-chunk-111-1.pdf, id=1054, 279.0425pt x 27
9.0425pt>
File: sheet_lab_files/figure-latex/unnamed-chunk-111-1.pdf Graphic file (type p
df)
<use sheet_lab_files/figure-latex/unnamed-chunk-111-1.pdf>
Package pdftex.def Info: sheet_lab_files/figure-latex/unnamed-chunk-111-1.pdf  
used on input line 2527.
(pdftex.def)             Requested size: 234.88374pt x 234.88374pt.
[40]
<sheet_lab_files/figure-latex/unnamed-chunk-113-1.pdf, id=1061, 457.71pt x 284.
06125pt>
File: sheet_lab_files/figure-latex/unnamed-chunk-113-1.pdf Graphic file (type p
df)
<use sheet_lab_files/figure-latex/unnamed-chunk-113-1.pdf>
Package pdftex.def Info: sheet_lab_files/figure-latex/unnamed-chunk-113-1.pdf  
used on input line 2550.
(pdftex.def)             Requested size: 234.87473pt x 145.76653pt.
[41 <./sheet_lab_files/figure-latex/unnamed-chunk-111-1.pdf> <./sheet_lab_files
/figure-latex/unnamed-chunk-113-1.pdf>] [42] [43] [44] [45] [46]

Package hyperref Warning: Difference (2) between bookmark levels is greater 
(hyperref)                than one, level fixed on input line 2986.

[47]
<sheet_lab_files/figure-latex/unnamed-chunk-140-1.pdf, id=1116, 278.03876pt x 3
22.20375pt>
File: sheet_lab_files/figure-latex/unnamed-chunk-140-1.pdf Graphic file (type p
df)
<use sheet_lab_files/figure-latex/unnamed-chunk-140-1.pdf>
Package pdftex.def Info: sheet_lab_files/figure-latex/unnamed-chunk-140-1.pdf  
used on input line 3098.
(pdftex.def)             Requested size: 234.8831pt x 272.19305pt.
[48]

Package amsmath Warning: Foreign command \atopwithdelims;
(amsmath)                \frac or \genfrac should be used instead
(amsmath)                 on input line 3121.

[49 <./sheet_lab_files/figure-latex/unnamed-chunk-140-1.pdf>]
<sheet_lab_files/figure-latex/unnamed-chunk-146-1.pdf, id=1133, 394.47375pt x 2
01.75375pt>
File: sheet_lab_files/figure-latex/unnamed-chunk-146-1.pdf Graphic file (type p
df)
<use sheet_lab_files/figure-latex/unnamed-chunk-146-1.pdf>
Package pdftex.def Info: sheet_lab_files/figure-latex/unnamed-chunk-146-1.pdf  
used on input line 3214.
(pdftex.def)             Requested size: 234.8743pt x 120.12654pt.
[50]
<sheet_lab_files/figure-latex/unnamed-chunk-148-1.pdf, id=1139, 442.65375pt x 2
89.08pt>
File: sheet_lab_files/figure-latex/unnamed-chunk-148-1.pdf Graphic file (type p
df)
<use sheet_lab_files/figure-latex/unnamed-chunk-148-1.pdf>
Package pdftex.def Info: sheet_lab_files/figure-latex/unnamed-chunk-148-1.pdf  
used on input line 3274.
(pdftex.def)             Requested size: 234.88228pt x 153.39252pt.
<sheet_lab_files/figure-latex/unnamed-chunk-148-2.pdf, id=1140, 442.65375pt x 2
89.08pt>
File: sheet_lab_files/figure-latex/unnamed-chunk-148-2.pdf Graphic file (type p
df)
<use sheet_lab_files/figure-latex/unnamed-chunk-148-2.pdf>
Package pdftex.def Info: sheet_lab_files/figure-latex/unnamed-chunk-148-2.pdf  
used on input line 3275.
(pdftex.def)             Requested size: 234.88228pt x 153.39252pt.
<sheet_lab_files/figure-latex/unnamed-chunk-148-3.pdf, id=1141, 441.65pt x 296.
10625pt>
File: sheet_lab_files/figure-latex/unnamed-chunk-148-3.pdf Graphic file (type p
df)
<use sheet_lab_files/figure-latex/unnamed-chunk-148-3.pdf>
Package pdftex.def Info: sheet_lab_files/figure-latex/unnamed-chunk-148-3.pdf  
used on input line 3276.
(pdftex.def)             Requested size: 234.87532pt x 157.47322pt.

Overfull \hbox (2.6206pt too wide) in paragraph at lines 3274--3277
[][] []
 []

[51 <./sheet_lab_files/figure-latex/unnamed-chunk-146-1.pdf>]
<sheet_lab_files/figure-latex/unnamed-chunk-150-1.pdf, id=1157, 436.63126pt x 2
48.93pt>
File: sheet_lab_files/figure-latex/unnamed-chunk-150-1.pdf Graphic file (type p
df)
<use sheet_lab_files/figure-latex/unnamed-chunk-150-1.pdf>
Package pdftex.def Info: sheet_lab_files/figure-latex/unnamed-chunk-150-1.pdf  
used on input line 3311.
(pdftex.def)             Requested size: 234.87793pt x 133.90741pt.
<sheet_lab_files/figure-latex/unnamed-chunk-150-2.pdf, id=1158, 436.63126pt x 2
89.08pt>
File: sheet_lab_files/figure-latex/unnamed-chunk-150-2.pdf Graphic file (type p
df)
<use sheet_lab_files/figure-latex/unnamed-chunk-150-2.pdf>
Package pdftex.def Info: sheet_lab_files/figure-latex/unnamed-chunk-150-2.pdf  
used on input line 3312.
(pdftex.def)             Requested size: 234.87793pt x 155.50539pt.

Overfull \hbox (2.61191pt too wide) in paragraph at lines 3311--3313
[][] [] 
 []

[52 <./sheet_lab_files/figure-latex/unnamed-chunk-148-1.pdf> <./sheet_lab_files
/figure-latex/unnamed-chunk-148-2.pdf> <./sheet_lab_files/figure-latex/unnamed-
chunk-148-3.pdf>]
<sheet_lab_files/figure-latex/unnamed-chunk-153-1.pdf, id=1196, 436.63126pt x 2
83.0575pt>
File: sheet_lab_files/figure-latex/unnamed-chunk-153-1.pdf Graphic file (type p
df)
<use sheet_lab_files/figure-latex/unnamed-chunk-153-1.pdf>
Package pdftex.def Info: sheet_lab_files/figure-latex/unnamed-chunk-153-1.pdf  
used on input line 3374.
(pdftex.def)             Requested size: 117.43896pt x 76.13284pt.
<sheet_lab_files/figure-latex/unnamed-chunk-153-2.pdf, id=1197, 440.64626pt x 2
83.0575pt>
File: sheet_lab_files/figure-latex/unnamed-chunk-153-2.pdf Graphic file (type p
df)
<use sheet_lab_files/figure-latex/unnamed-chunk-153-2.pdf>
Package pdftex.def Info: sheet_lab_files/figure-latex/unnamed-chunk-153-2.pdf  
used on input line 3375.
(pdftex.def)             Requested size: 117.43634pt x 75.43745pt.
<sheet_lab_files/figure-latex/unnamed-chunk-153-3.pdf, id=1198, 436.63126pt x 2
83.0575pt>
File: sheet_lab_files/figure-latex/unnamed-chunk-153-3.pdf Graphic file (type p
df)
<use sheet_lab_files/figure-latex/unnamed-chunk-153-3.pdf>
Package pdftex.def Info: sheet_lab_files/figure-latex/unnamed-chunk-153-3.pdf  
used on input line 3376.
(pdftex.def)             Requested size: 117.43896pt x 76.13284pt.
<sheet_lab_files/figure-latex/unnamed-chunk-153-4.pdf, id=1199, 440.64626pt x 2
86.06876pt>
File: sheet_lab_files/figure-latex/unnamed-chunk-153-4.pdf Graphic file (type p
df)
<use sheet_lab_files/figure-latex/unnamed-chunk-153-4.pdf>
Package pdftex.def Info: sheet_lab_files/figure-latex/unnamed-chunk-153-4.pdf  
used on input line 3377.
(pdftex.def)             Requested size: 117.43634pt x 76.23999pt.

Overfull \hbox (7.8288pt too wide) in paragraph at lines 3374--3378
[][] [] [] [] 
 []

[53 <./sheet_lab_files/figure-latex/unnamed-chunk-150-1.pdf> <./sheet_lab_files
/figure-latex/unnamed-chunk-150-2.pdf>]
<sheet_lab_files/figure-latex/unnamed-chunk-154-1.pdf, id=1219, 436.63126pt x 2
82.05376pt>
File: sheet_lab_files/figure-latex/unnamed-chunk-154-1.pdf Graphic file (type p
df)
<use sheet_lab_files/figure-latex/unnamed-chunk-154-1.pdf>
Package pdftex.def Info: sheet_lab_files/figure-latex/unnamed-chunk-154-1.pdf  
used on input line 3407.
(pdftex.def)             Requested size: 234.87793pt x 151.72574pt.
<sheet_lab_files/figure-latex/unnamed-chunk-154-2.pdf, id=1220, 440.64626pt x 2
82.05376pt>
File: sheet_lab_files/figure-latex/unnamed-chunk-154-2.pdf Graphic file (type p
df)
<use sheet_lab_files/figure-latex/unnamed-chunk-154-2.pdf>
Package pdftex.def Info: sheet_lab_files/figure-latex/unnamed-chunk-154-2.pdf  
used on input line 3408.
(pdftex.def)             Requested size: 234.87941pt x 150.34422pt.
<sheet_lab_files/figure-latex/unnamed-chunk-154-3.pdf, id=1221, 440.64626pt x 2
82.05376pt>
File: sheet_lab_files/figure-latex/unnamed-chunk-154-3.pdf Graphic file (type p
df)
<use sheet_lab_files/figure-latex/unnamed-chunk-154-3.pdf>
Package pdftex.def Info: sheet_lab_files/figure-latex/unnamed-chunk-154-3.pdf  
used on input line 3409.
(pdftex.def)             Requested size: 234.87941pt x 150.34422pt.
<sheet_lab_files/figure-latex/unnamed-chunk-154-4.pdf, id=1222, 455.7025pt x 28
2.05376pt>
File: sheet_lab_files/figure-latex/unnamed-chunk-154-4.pdf Graphic file (type p
df)
<use sheet_lab_files/figure-latex/unnamed-chunk-154-4.pdf>
Package pdftex.def Info: sheet_lab_files/figure-latex/unnamed-chunk-154-4.pdf  
used on input line 3410.
(pdftex.def)             Requested size: 234.88062pt x 145.37766pt.

Overfull \hbox (2.61339pt too wide) in paragraph at lines 3407--3411
[][] []
 []


Overfull \hbox (2.61607pt too wide) in paragraph at lines 3407--3411
[] [] 
 []

[54 <./sheet_lab_files/figure-latex/unnamed-chunk-153-1.pdf> <./sheet_lab_files
/figure-latex/unnamed-chunk-153-2.pdf> <./sheet_lab_files/figure-latex/unnamed-
chunk-153-3.pdf> <./sheet_lab_files/figure-latex/unnamed-chunk-153-4.pdf> <./sh
eet_lab_files/figure-latex/unnamed-chunk-154-1.pdf> <./sheet_lab_files/figure-l
atex/unnamed-chunk-154-2.pdf> <./sheet_lab_files/figure-latex/unnamed-chunk-154
-3.pdf> <./sheet_lab_files/figure-latex/unnamed-chunk-154-4.pdf>] [55]
<sheet_lab_files/figure-latex/unnamed-chunk-169-1.pdf, id=1292, 469.755pt x 250
.9375pt>
File: sheet_lab_files/figure-latex/unnamed-chunk-169-1.pdf Graphic file (type p
df)
<use sheet_lab_files/figure-latex/unnamed-chunk-169-1.pdf>
Package pdftex.def Info: sheet_lab_files/figure-latex/unnamed-chunk-169-1.pdf  
used on input line 3561.
(pdftex.def)             Requested size: 234.87692pt x 125.46843pt.
[56 <./sheet_lab_files/figure-latex/unnamed-chunk-169-1.pdf>] [57] [58] [59]
Package atveryend Info: Empty hook `BeforeClearDocument' on input line 3804.
[60]
Package atveryend Info: Empty hook `AfterLastShipout' on input line 3804.
(./sheet_lab.aux)
Package atveryend Info: Executing hook `AtVeryEndDocument' on input line 3804.
Package atveryend Info: Executing hook `AtEndAfterFileList' on input line 3804.

Package rerunfilecheck Info: File `sheet_lab.out' has not changed.
(rerunfilecheck)             Checksum: 421F1FD67E9030BB881B133542FC0544;10586.
Package atveryend Info: Empty hook `AtVeryVeryEnd' on input line 3804.
 ) 
Here is how much of TeX's memory you used:
 11942 strings out of 482824
 189047 string characters out of 5956056
 425098 words of memory out of 5000000
 26848 multiletter control sequences out of 15000+600000
 596689 words of font info for 86 fonts, out of 8000000 for 9000
 14 hyphenation exceptions out of 8191
 43i,12n,45p,637b,386s stack positions out of 5000i,500n,10000p,200000b,80000s
{/home/qs26/.TinyTeX/texmf-dist/fonts/enc/dvips/lm/lm-mathsy.enc}{/home/qs26/
.TinyTeX/texmf-dist/fonts/enc/dvips/lm/lm-rm.enc}{/home/qs26/.TinyTeX/texmf-dis
t/fonts/enc/dvips/lm/lm-ec.enc}{/home/qs26/.TinyTeX/texmf-dist/fonts/enc/dvips/
lm/lm-mathex.enc}{/home/qs26/.TinyTeX/texmf-dist/fonts/enc/dvips/lm/lm-mathit.e
nc}{/home/qs26/.TinyTeX/texmf-dist/fonts/enc/dvips/lm/lm-ts1.enc}</home/qs26/.T
inyTeX/texmf-dist/fonts/type1/public/lm/lmbx12.pfb></home/qs26/.TinyTeX/texmf-d
ist/fonts/type1/public/lm/lmbx9.pfb></home/qs26/.TinyTeX/texmf-dist/fonts/type1
/public/lm/lmex10.pfb></home/qs26/.TinyTeX/texmf-dist/fonts/type1/public/lm/lmm
i6.pfb></home/qs26/.TinyTeX/texmf-dist/fonts/type1/public/lm/lmmi9.pfb></home/q
s26/.TinyTeX/texmf-dist/fonts/type1/public/lm/lmr10.pfb></home/qs26/.TinyTeX/te
xmf-dist/fonts/type1/public/lm/lmr12.pfb></home/qs26/.TinyTeX/texmf-dist/fonts/
type1/public/lm/lmr17.pfb></home/qs26/.TinyTeX/texmf-dist/fonts/type1/public/lm
/lmr6.pfb></home/qs26/.TinyTeX/texmf-dist/fonts/type1/public/lm/lmr8.pfb></home
/qs26/.TinyTeX/texmf-dist/fonts/type1/public/lm/lmr9.pfb></home/qs26/.TinyTeX/t
exmf-dist/fonts/type1/public/lm/lmsy10.pfb></home/qs26/.TinyTeX/texmf-dist/font
s/type1/public/lm/lmsy6.pfb></home/qs26/.TinyTeX/texmf-dist/fonts/type1/public/
lm/lmsy8.pfb></home/qs26/.TinyTeX/texmf-dist/fonts/type1/public/lm/lmsy9.pfb></
home/qs26/.TinyTeX/texmf-dist/fonts/type1/public/lm/lmtk10.pfb></home/qs26/.Tin
yTeX/texmf-dist/fonts/type1/public/lm/lmtt8.pfb></home/qs26/.TinyTeX/texmf-dist
/fonts/type1/public/lm/lmtt9.pfb></home/qs26/.TinyTeX/texmf-dist/fonts/type1/pu
blic/lm/lmtti10.pfb>
Output written on sheet_lab.pdf (64 pages, 1014452 bytes).
PDF statistics:
 1449 PDF objects out of 1728 (max. 8388607)
 1127 compressed objects within 12 object streams
 196 named destinations out of 1000 (max. 500000)
 912 words of extra memory for PDF output out of 10000 (max. 10000000)

